<?xml version="1.0" encoding="UTF-8"?>
<!-- Generated by org.testng.reporters.JUnitReportReporter -->
<testsuite hostname="DESKTOP-HPMRIB2" failures="0" tests="2" name="testCases.TC001_AccountRegistrationTest" time="5.217" errors="0" timestamp="2025-11-28T11:37:51 BDT" skipped="0">
  <testcase classname="testCases.TC001_AccountRegistrationTest" name="verify_account_registration" time="2.792"/>
  <testcase classname="testCases.TC001_AccountRegistrationTest" name="verify_account_registration" time="2.425"/>
</testsuite> <!-- testCases.TC001_AccountRegistrationTest -->
